2024-06-19 22:39:51,806 [DEBUG] multipart.multipart: Calling on_field_start with no data
2024-06-19 22:39:51,807 [DEBUG] multipart.multipart: Calling on_field_name with data[0:3]
2024-06-19 22:39:51,807 [DEBUG] multipart.multipart: Calling on_field_data with data[4:15]
2024-06-19 22:39:51,807 [DEBUG] multipart.multipart: Calling on_field_end with no data
2024-06-19 22:39:51,807 [DEBUG] multipart.multipart: Calling on_field_start with no data
2024-06-19 22:39:51,807 [DEBUG] multipart.multipart: Calling on_field_name with data[16:24]
2024-06-19 22:39:51,807 [DEBUG] multipart.multipart: Calling on_field_data with data[25:40]
2024-06-19 22:39:51,813 [DEBUG] multipart.multipart: Calling on_field_end with no data
2024-06-19 22:39:51,813 [DEBUG] multipart.multipart: Calling on_field_start with no data
2024-06-19 22:39:51,814 [DEBUG] multipart.multipart: Calling on_field_name with data[41:45]
2024-06-19 22:39:51,814 [DEBUG] multipart.multipart: Calling on_field_data with data[46:62]
2024-06-19 22:39:51,815 [DEBUG] multipart.multipart: Calling on_field_end with no data
2024-06-19 22:39:51,815 [DEBUG] multipart.multipart: Calling on_field_start with no data
2024-06-19 22:39:51,816 [DEBUG] multipart.multipart: Calling on_field_name with data[63:68]
2024-06-19 22:39:51,816 [DEBUG] multipart.multipart: Calling on_field_data with data[69:86]
2024-06-19 22:39:51,817 [DEBUG] multipart.multipart: Calling on_field_end with no data
2024-06-19 22:39:51,817 [DEBUG] multipart.multipart: Calling on_field_start with no data
2024-06-19 22:39:51,817 [DEBUG] multipart.multipart: Calling on_field_name with data[87:95]
2024-06-19 22:39:51,818 [DEBUG] multipart.multipart: Calling on_field_data with data[96:107]
2024-06-19 22:39:51,818 [DEBUG] multipart.multipart: Calling on_field_end with no data
2024-06-19 22:39:51,818 [DEBUG] multipart.multipart: Calling on_field_start with no data
2024-06-19 22:39:51,819 [DEBUG] multipart.multipart: Calling on_field_name with data[108:123]
2024-06-19 22:39:51,819 [DEBUG] multipart.multipart: Calling on_field_data with data[124:134]
2024-06-19 22:39:51,820 [DEBUG] multipart.multipart: Calling on_field_end with no data
2024-06-19 22:39:51,820 [DEBUG] multipart.multipart: Calling on_field_start with no data
2024-06-19 22:39:51,821 [DEBUG] multipart.multipart: Calling on_field_name with data[135:143]
2024-06-19 22:39:51,821 [DEBUG] multipart.multipart: Calling on_field_data with data[144:147]
2024-06-19 22:39:51,822 [DEBUG] multipart.multipart: Calling on_field_end with no data
2024-06-19 22:39:51,823 [DEBUG] multipart.multipart: Calling on_end with no data
2024-06-19 22:43:32,198 [DEBUG] multipart.multipart: Calling on_field_start with no data
2024-06-19 22:43:32,198 [DEBUG] multipart.multipart: Calling on_field_name with data[0:3]
2024-06-19 22:43:32,198 [DEBUG] multipart.multipart: Calling on_field_data with data[4:15]
2024-06-19 22:43:32,198 [DEBUG] multipart.multipart: Calling on_field_end with no data
2024-06-19 22:43:32,202 [DEBUG] multipart.multipart: Calling on_field_start with no data
2024-06-19 22:43:32,202 [DEBUG] multipart.multipart: Calling on_field_name with data[16:24]
2024-06-19 22:43:32,202 [DEBUG] multipart.multipart: Calling on_field_data with data[25:34]
2024-06-19 22:43:32,203 [DEBUG] multipart.multipart: Calling on_field_end with no data
2024-06-19 22:43:32,203 [DEBUG] multipart.multipart: Calling on_field_start with no data
2024-06-19 22:43:32,203 [DEBUG] multipart.multipart: Calling on_field_name with data[35:39]
2024-06-19 22:43:32,203 [DEBUG] multipart.multipart: Calling on_field_data with data[40:46]
2024-06-19 22:43:32,203 [DEBUG] multipart.multipart: Calling on_field_end with no data
2024-06-19 22:43:32,204 [DEBUG] multipart.multipart: Calling on_field_start with no data
2024-06-19 22:43:32,204 [DEBUG] multipart.multipart: Calling on_field_name with data[47:52]
2024-06-19 22:43:32,204 [DEBUG] multipart.multipart: Calling on_field_data with data[53:71]
2024-06-19 22:43:32,205 [DEBUG] multipart.multipart: Calling on_field_end with no data
2024-06-19 22:43:32,206 [DEBUG] multipart.multipart: Calling on_field_start with no data
2024-06-19 22:43:32,206 [DEBUG] multipart.multipart: Calling on_field_name with data[72:80]
2024-06-19 22:43:32,207 [DEBUG] multipart.multipart: Calling on_field_data with data[81:92]
2024-06-19 22:43:32,207 [DEBUG] multipart.multipart: Calling on_field_end with no data
2024-06-19 22:43:32,208 [DEBUG] multipart.multipart: Calling on_field_start with no data
2024-06-19 22:43:32,208 [DEBUG] multipart.multipart: Calling on_field_name with data[93:108]
2024-06-19 22:43:32,209 [DEBUG] multipart.multipart: Calling on_field_data with data[109:119]
2024-06-19 22:43:32,209 [DEBUG] multipart.multipart: Calling on_field_end with no data
2024-06-19 22:43:32,210 [DEBUG] multipart.multipart: Calling on_field_start with no data
2024-06-19 22:43:32,211 [DEBUG] multipart.multipart: Calling on_field_name with data[120:128]
2024-06-19 22:43:32,211 [DEBUG] multipart.multipart: Calling on_field_data with data[129:132]
2024-06-19 22:43:32,212 [DEBUG] multipart.multipart: Calling on_field_end with no data
2024-06-19 22:43:32,212 [DEBUG] multipart.multipart: Calling on_end with no data
2024-06-19 22:51:41,203 [DEBUG] multipart.multipart: Calling on_field_start with no data
2024-06-19 22:51:41,204 [DEBUG] multipart.multipart: Calling on_field_name with data[0:3]
2024-06-19 22:51:41,205 [DEBUG] multipart.multipart: Calling on_field_data with data[4:15]
2024-06-19 22:51:41,205 [DEBUG] multipart.multipart: Calling on_field_end with no data
2024-06-19 22:51:41,206 [DEBUG] multipart.multipart: Calling on_field_start with no data
2024-06-19 22:51:41,206 [DEBUG] multipart.multipart: Calling on_field_name with data[16:24]
2024-06-19 22:51:41,207 [DEBUG] multipart.multipart: Calling on_field_data with data[25:34]
2024-06-19 22:51:41,207 [DEBUG] multipart.multipart: Calling on_field_end with no data
2024-06-19 22:51:41,209 [DEBUG] multipart.multipart: Calling on_field_start with no data
2024-06-19 22:51:41,209 [DEBUG] multipart.multipart: Calling on_field_name with data[35:39]
2024-06-19 22:51:41,209 [DEBUG] multipart.multipart: Calling on_field_data with data[40:46]
2024-06-19 22:51:41,210 [DEBUG] multipart.multipart: Calling on_field_end with no data
2024-06-19 22:51:41,210 [DEBUG] multipart.multipart: Calling on_field_start with no data
2024-06-19 22:51:41,210 [DEBUG] multipart.multipart: Calling on_field_name with data[47:52]
2024-06-19 22:51:41,212 [DEBUG] multipart.multipart: Calling on_field_data with data[53:69]
2024-06-19 22:51:41,212 [DEBUG] multipart.multipart: Calling on_field_end with no data
2024-06-19 22:51:41,213 [DEBUG] multipart.multipart: Calling on_field_start with no data
2024-06-19 22:51:41,213 [DEBUG] multipart.multipart: Calling on_field_name with data[70:78]
2024-06-19 22:51:41,213 [DEBUG] multipart.multipart: Calling on_field_data with data[79:90]
2024-06-19 22:51:41,214 [DEBUG] multipart.multipart: Calling on_field_end with no data
2024-06-19 22:51:41,214 [DEBUG] multipart.multipart: Calling on_field_start with no data
2024-06-19 22:51:41,215 [DEBUG] multipart.multipart: Calling on_field_name with data[91:106]
2024-06-19 22:51:41,216 [DEBUG] multipart.multipart: Calling on_field_data with data[107:117]
2024-06-19 22:51:41,216 [DEBUG] multipart.multipart: Calling on_field_end with no data
2024-06-19 22:51:41,217 [DEBUG] multipart.multipart: Calling on_field_start with no data
2024-06-19 22:51:41,217 [DEBUG] multipart.multipart: Calling on_field_name with data[118:126]
2024-06-19 22:51:41,217 [DEBUG] multipart.multipart: Calling on_field_data with data[127:130]
2024-06-19 22:51:41,218 [DEBUG] multipart.multipart: Calling on_field_end with no data
2024-06-19 22:51:41,218 [DEBUG] multipart.multipart: Calling on_end with no data
2024-06-19 22:52:08,953 [DEBUG] multipart.multipart: Calling on_field_start with no data
2024-06-19 22:52:08,954 [DEBUG] multipart.multipart: Calling on_field_name with data[0:3]
2024-06-19 22:52:08,954 [DEBUG] multipart.multipart: Calling on_field_data with data[4:15]
2024-06-19 22:52:08,955 [DEBUG] multipart.multipart: Calling on_field_end with no data
2024-06-19 22:52:08,955 [DEBUG] multipart.multipart: Calling on_field_start with no data
2024-06-19 22:52:08,956 [DEBUG] multipart.multipart: Calling on_field_name with data[16:24]
2024-06-19 22:52:08,956 [DEBUG] multipart.multipart: Calling on_field_data with data[25:37]
2024-06-19 22:52:08,957 [DEBUG] multipart.multipart: Calling on_field_end with no data
2024-06-19 22:52:08,957 [DEBUG] multipart.multipart: Calling on_field_start with no data
2024-06-19 22:52:08,957 [DEBUG] multipart.multipart: Calling on_field_name with data[38:42]
2024-06-19 22:52:08,958 [DEBUG] multipart.multipart: Calling on_field_data with data[43:49]
2024-06-19 22:52:08,958 [DEBUG] multipart.multipart: Calling on_field_end with no data
2024-06-19 22:52:08,959 [DEBUG] multipart.multipart: Calling on_field_start with no data
2024-06-19 22:52:08,959 [DEBUG] multipart.multipart: Calling on_field_name with data[50:55]
2024-06-19 22:52:08,959 [DEBUG] multipart.multipart: Calling on_field_data with data[56:72]
2024-06-19 22:52:08,960 [DEBUG] multipart.multipart: Calling on_field_end with no data
2024-06-19 22:52:08,960 [DEBUG] multipart.multipart: Calling on_field_start with no data
2024-06-19 22:52:08,961 [DEBUG] multipart.multipart: Calling on_field_name with data[73:81]
2024-06-19 22:52:08,961 [DEBUG] multipart.multipart: Calling on_field_data with data[82:93]
2024-06-19 22:52:08,961 [DEBUG] multipart.multipart: Calling on_field_end with no data
2024-06-19 22:52:08,962 [DEBUG] multipart.multipart: Calling on_field_start with no data
2024-06-19 22:52:08,962 [DEBUG] multipart.multipart: Calling on_field_name with data[94:109]
2024-06-19 22:52:08,962 [DEBUG] multipart.multipart: Calling on_field_data with data[110:120]
2024-06-19 22:52:08,963 [DEBUG] multipart.multipart: Calling on_field_end with no data
2024-06-19 22:52:08,963 [DEBUG] multipart.multipart: Calling on_field_start with no data
2024-06-19 22:52:08,963 [DEBUG] multipart.multipart: Calling on_field_name with data[121:129]
2024-06-19 22:52:08,964 [DEBUG] multipart.multipart: Calling on_field_data with data[130:133]
2024-06-19 22:52:08,964 [DEBUG] multipart.multipart: Calling on_field_end with no data
2024-06-19 22:52:08,965 [DEBUG] multipart.multipart: Calling on_end with no data
2024-06-19 22:53:49,375 [DEBUG] multipart.multipart: Calling on_field_start with no data
2024-06-19 22:53:49,376 [DEBUG] multipart.multipart: Calling on_field_name with data[0:3]
2024-06-19 22:53:49,376 [DEBUG] multipart.multipart: Calling on_field_data with data[4:15]
2024-06-19 22:53:49,377 [DEBUG] multipart.multipart: Calling on_field_end with no data
2024-06-19 22:53:49,377 [DEBUG] multipart.multipart: Calling on_field_start with no data
2024-06-19 22:53:49,378 [DEBUG] multipart.multipart: Calling on_field_name with data[16:24]
2024-06-19 22:53:49,379 [DEBUG] multipart.multipart: Calling on_field_data with data[25:37]
2024-06-19 22:53:49,379 [DEBUG] multipart.multipart: Calling on_field_end with no data
2024-06-19 22:53:49,380 [DEBUG] multipart.multipart: Calling on_field_start with no data
2024-06-19 22:53:49,380 [DEBUG] multipart.multipart: Calling on_field_name with data[38:42]
2024-06-19 22:53:49,381 [DEBUG] multipart.multipart: Calling on_field_data with data[43:61]
2024-06-19 22:53:49,383 [DEBUG] multipart.multipart: Calling on_field_end with no data
2024-06-19 22:53:49,383 [DEBUG] multipart.multipart: Calling on_field_start with no data
2024-06-19 22:53:49,383 [DEBUG] multipart.multipart: Calling on_field_name with data[62:67]
2024-06-19 22:53:49,384 [DEBUG] multipart.multipart: Calling on_field_data with data[68:94]
2024-06-19 22:53:49,384 [DEBUG] multipart.multipart: Calling on_field_end with no data
2024-06-19 22:53:49,385 [DEBUG] multipart.multipart: Calling on_field_start with no data
2024-06-19 22:53:49,385 [DEBUG] multipart.multipart: Calling on_field_name with data[95:103]
2024-06-19 22:53:49,385 [DEBUG] multipart.multipart: Calling on_field_data with data[104:115]
2024-06-19 22:53:49,386 [DEBUG] multipart.multipart: Calling on_field_end with no data
2024-06-19 22:53:49,386 [DEBUG] multipart.multipart: Calling on_field_start with no data
2024-06-19 22:53:49,386 [DEBUG] multipart.multipart: Calling on_field_name with data[116:131]
2024-06-19 22:53:49,386 [DEBUG] multipart.multipart: Calling on_field_data with data[132:142]
2024-06-19 22:53:49,386 [DEBUG] multipart.multipart: Calling on_field_end with no data
2024-06-19 22:53:49,386 [DEBUG] multipart.multipart: Calling on_field_start with no data
2024-06-19 22:53:49,386 [DEBUG] multipart.multipart: Calling on_field_name with data[143:151]
2024-06-19 22:53:49,386 [DEBUG] multipart.multipart: Calling on_field_data with data[152:155]
2024-06-19 22:53:49,386 [DEBUG] multipart.multipart: Calling on_field_end with no data
2024-06-19 22:53:49,386 [DEBUG] multipart.multipart: Calling on_end with no data
2024-06-19 22:54:11,025 [DEBUG] multipart.multipart: Calling on_field_start with no data
2024-06-19 22:54:11,026 [DEBUG] multipart.multipart: Calling on_field_name with data[0:3]
2024-06-19 22:54:11,026 [DEBUG] multipart.multipart: Calling on_field_data with data[4:15]
2024-06-19 22:54:11,027 [DEBUG] multipart.multipart: Calling on_field_end with no data
2024-06-19 22:54:11,027 [DEBUG] multipart.multipart: Calling on_field_start with no data
2024-06-19 22:54:11,027 [DEBUG] multipart.multipart: Calling on_field_name with data[16:24]
2024-06-19 22:54:11,028 [DEBUG] multipart.multipart: Calling on_field_data with data[25:37]
2024-06-19 22:54:11,028 [DEBUG] multipart.multipart: Calling on_field_end with no data
2024-06-19 22:54:11,029 [DEBUG] multipart.multipart: Calling on_field_start with no data
2024-06-19 22:54:11,029 [DEBUG] multipart.multipart: Calling on_field_name with data[38:42]
2024-06-19 22:54:11,029 [DEBUG] multipart.multipart: Calling on_field_data with data[43:61]
2024-06-19 22:54:11,030 [DEBUG] multipart.multipart: Calling on_field_end with no data
2024-06-19 22:54:11,031 [DEBUG] multipart.multipart: Calling on_field_start with no data
2024-06-19 22:54:11,031 [DEBUG] multipart.multipart: Calling on_field_name with data[62:67]
2024-06-19 22:54:11,032 [DEBUG] multipart.multipart: Calling on_field_data with data[68:94]
2024-06-19 22:54:11,032 [DEBUG] multipart.multipart: Calling on_field_end with no data
2024-06-19 22:54:11,032 [DEBUG] multipart.multipart: Calling on_field_start with no data
2024-06-19 22:54:11,032 [DEBUG] multipart.multipart: Calling on_field_name with data[95:103]
2024-06-19 22:54:11,032 [DEBUG] multipart.multipart: Calling on_field_data with data[104:115]
2024-06-19 22:54:11,032 [DEBUG] multipart.multipart: Calling on_field_end with no data
2024-06-19 22:54:11,032 [DEBUG] multipart.multipart: Calling on_field_start with no data
2024-06-19 22:54:11,032 [DEBUG] multipart.multipart: Calling on_field_name with data[116:131]
2024-06-19 22:54:11,032 [DEBUG] multipart.multipart: Calling on_field_data with data[132:142]
2024-06-19 22:54:11,032 [DEBUG] multipart.multipart: Calling on_field_end with no data
2024-06-19 22:54:11,032 [DEBUG] multipart.multipart: Calling on_field_start with no data
2024-06-19 22:54:11,032 [DEBUG] multipart.multipart: Calling on_field_name with data[143:151]
2024-06-19 22:54:11,032 [DEBUG] multipart.multipart: Calling on_field_data with data[152:155]
2024-06-19 22:54:11,032 [DEBUG] multipart.multipart: Calling on_field_end with no data
2024-06-19 22:54:11,032 [DEBUG] multipart.multipart: Calling on_end with no data
2024-06-19 23:28:36,558 [DEBUG] multipart.multipart: Calling on_field_start with no data
2024-06-19 23:28:36,568 [DEBUG] multipart.multipart: Calling on_field_name with data[0:3]
2024-06-19 23:28:36,568 [DEBUG] multipart.multipart: Calling on_field_data with data[4:18]
2024-06-19 23:28:36,574 [DEBUG] multipart.multipart: Calling on_field_end with no data
2024-06-19 23:28:36,574 [DEBUG] multipart.multipart: Calling on_field_start with no data
2024-06-19 23:28:36,575 [DEBUG] multipart.multipart: Calling on_field_name with data[19:27]
2024-06-19 23:28:36,576 [DEBUG] multipart.multipart: Calling on_field_data with data[28:31]
2024-06-19 23:28:36,577 [DEBUG] multipart.multipart: Calling on_field_end with no data
2024-06-19 23:28:36,577 [DEBUG] multipart.multipart: Calling on_end with no data
2024-06-19 23:34:21,442 [DEBUG] multipart.multipart: Calling on_field_start with no data
2024-06-19 23:34:21,442 [DEBUG] multipart.multipart: Calling on_field_name with data[0:3]
2024-06-19 23:34:21,442 [DEBUG] multipart.multipart: Calling on_field_data with data[4:15]
2024-06-19 23:34:21,442 [DEBUG] multipart.multipart: Calling on_field_end with no data
2024-06-19 23:34:21,442 [DEBUG] multipart.multipart: Calling on_field_start with no data
2024-06-19 23:34:21,450 [DEBUG] multipart.multipart: Calling on_field_name with data[16:24]
2024-06-19 23:34:21,450 [DEBUG] multipart.multipart: Calling on_field_data with data[25:28]
2024-06-19 23:34:21,450 [DEBUG] multipart.multipart: Calling on_field_end with no data
2024-06-19 23:34:21,450 [DEBUG] multipart.multipart: Calling on_end with no data
2024-06-19 23:52:09,625 [DEBUG] multipart.multipart: Calling on_field_start with no data
2024-06-19 23:52:09,626 [DEBUG] multipart.multipart: Calling on_field_name with data[0:3]
2024-06-19 23:52:09,627 [DEBUG] multipart.multipart: Calling on_field_data with data[4:15]
2024-06-19 23:52:09,628 [DEBUG] multipart.multipart: Calling on_field_end with no data
2024-06-19 23:52:09,629 [DEBUG] multipart.multipart: Calling on_field_start with no data
2024-06-19 23:52:09,629 [DEBUG] multipart.multipart: Calling on_field_name with data[16:24]
2024-06-19 23:52:09,630 [DEBUG] multipart.multipart: Calling on_field_data with data[25:28]
2024-06-19 23:52:09,630 [DEBUG] multipart.multipart: Calling on_field_end with no data
2024-06-19 23:52:09,633 [DEBUG] multipart.multipart: Calling on_end with no data
2024-06-19 23:53:11,921 [DEBUG] multipart.multipart: Calling on_field_start with no data
2024-06-19 23:53:11,921 [DEBUG] multipart.multipart: Calling on_field_name with data[0:3]
2024-06-19 23:53:11,921 [DEBUG] multipart.multipart: Calling on_field_data with data[4:15]
2024-06-19 23:53:11,921 [DEBUG] multipart.multipart: Calling on_field_end with no data
2024-06-19 23:53:11,921 [DEBUG] multipart.multipart: Calling on_field_start with no data
2024-06-19 23:53:11,931 [DEBUG] multipart.multipart: Calling on_field_name with data[16:24]
2024-06-19 23:53:11,931 [DEBUG] multipart.multipart: Calling on_field_data with data[25:28]
2024-06-19 23:53:11,931 [DEBUG] multipart.multipart: Calling on_field_end with no data
2024-06-19 23:53:11,932 [DEBUG] multipart.multipart: Calling on_end with no data
2024-06-20 08:13:21,045 [DEBUG] multipart.multipart: Calling on_field_start with no data
2024-06-20 08:13:21,075 [DEBUG] multipart.multipart: Calling on_field_name with data[0:3]
2024-06-20 08:13:21,075 [DEBUG] multipart.multipart: Calling on_field_data with data[4:18]
2024-06-20 08:13:21,075 [DEBUG] multipart.multipart: Calling on_field_end with no data
2024-06-20 08:13:21,075 [DEBUG] multipart.multipart: Calling on_field_start with no data
2024-06-20 08:13:21,088 [DEBUG] multipart.multipart: Calling on_field_name with data[19:27]
2024-06-20 08:13:21,088 [DEBUG] multipart.multipart: Calling on_field_data with data[28:31]
2024-06-20 08:13:21,088 [DEBUG] multipart.multipart: Calling on_field_end with no data
2024-06-20 08:13:21,088 [DEBUG] multipart.multipart: Calling on_end with no data
2024-06-20 08:22:23,466 [DEBUG] multipart.multipart: Calling on_field_start with no data
2024-06-20 08:22:23,475 [DEBUG] multipart.multipart: Calling on_field_name with data[0:3]
2024-06-20 08:22:23,479 [DEBUG] multipart.multipart: Calling on_field_data with data[4:15]
2024-06-20 08:22:23,479 [DEBUG] multipart.multipart: Calling on_field_end with no data
2024-06-20 08:22:23,480 [DEBUG] multipart.multipart: Calling on_field_start with no data
2024-06-20 08:22:23,480 [DEBUG] multipart.multipart: Calling on_field_name with data[16:24]
2024-06-20 08:22:23,480 [DEBUG] multipart.multipart: Calling on_field_data with data[25:28]
2024-06-20 08:22:23,483 [DEBUG] multipart.multipart: Calling on_field_end with no data
2024-06-20 08:22:23,483 [DEBUG] multipart.multipart: Calling on_end with no data
2024-06-20 08:25:19,365 [DEBUG] multipart.multipart: Calling on_field_start with no data
2024-06-20 08:25:19,365 [DEBUG] multipart.multipart: Calling on_field_name with data[0:3]
2024-06-20 08:25:19,365 [DEBUG] multipart.multipart: Calling on_field_data with data[4:18]
2024-06-20 08:25:19,371 [DEBUG] multipart.multipart: Calling on_field_end with no data
2024-06-20 08:25:19,371 [DEBUG] multipart.multipart: Calling on_field_start with no data
2024-06-20 08:25:19,371 [DEBUG] multipart.multipart: Calling on_field_name with data[19:27]
2024-06-20 08:25:19,371 [DEBUG] multipart.multipart: Calling on_field_data with data[28:31]
2024-06-20 08:25:19,371 [DEBUG] multipart.multipart: Calling on_field_end with no data
2024-06-20 08:25:19,373 [DEBUG] multipart.multipart: Calling on_end with no data
2024-06-20 08:25:49,419 [DEBUG] multipart.multipart: Calling on_field_start with no data
2024-06-20 08:25:49,419 [DEBUG] multipart.multipart: Calling on_field_name with data[0:3]
2024-06-20 08:25:49,419 [DEBUG] multipart.multipart: Calling on_field_data with data[4:18]
2024-06-20 08:25:49,419 [DEBUG] multipart.multipart: Calling on_field_end with no data
2024-06-20 08:25:49,424 [DEBUG] multipart.multipart: Calling on_field_start with no data
2024-06-20 08:25:49,424 [DEBUG] multipart.multipart: Calling on_field_name with data[19:27]
2024-06-20 08:25:49,424 [DEBUG] multipart.multipart: Calling on_field_data with data[28:31]
2024-06-20 08:25:49,424 [DEBUG] multipart.multipart: Calling on_field_end with no data
2024-06-20 08:25:49,424 [DEBUG] multipart.multipart: Calling on_end with no data
2024-06-20 08:58:40,609 [DEBUG] multipart.multipart: Calling on_field_start with no data
2024-06-20 08:58:40,644 [DEBUG] multipart.multipart: Calling on_field_name with data[0:5]
2024-06-20 08:58:40,652 [DEBUG] multipart.multipart: Calling on_field_data with data[6:23]
2024-06-20 08:58:40,653 [DEBUG] multipart.multipart: Calling on_field_end with no data
2024-06-20 08:58:40,653 [DEBUG] multipart.multipart: Calling on_field_start with no data
2024-06-20 08:58:40,653 [DEBUG] multipart.multipart: Calling on_field_name with data[24:32]
2024-06-20 08:58:40,653 [DEBUG] multipart.multipart: Calling on_field_data with data[33:36]
2024-06-20 08:58:40,660 [DEBUG] multipart.multipart: Calling on_field_end with no data
2024-06-20 08:58:40,660 [DEBUG] multipart.multipart: Calling on_end with no data
2024-06-20 09:04:16,289 [DEBUG] multipart.multipart: Calling on_field_start with no data
2024-06-20 09:04:16,289 [DEBUG] multipart.multipart: Calling on_field_name with data[0:5]
2024-06-20 09:04:16,289 [DEBUG] multipart.multipart: Calling on_field_data with data[6:23]
2024-06-20 09:04:16,289 [DEBUG] multipart.multipart: Calling on_field_end with no data
2024-06-20 09:04:16,296 [DEBUG] multipart.multipart: Calling on_field_start with no data
2024-06-20 09:04:16,296 [DEBUG] multipart.multipart: Calling on_field_name with data[24:32]
2024-06-20 09:04:16,296 [DEBUG] multipart.multipart: Calling on_field_data with data[33:36]
2024-06-20 09:04:16,304 [DEBUG] multipart.multipart: Calling on_field_end with no data
2024-06-20 09:04:16,304 [DEBUG] multipart.multipart: Calling on_end with no data
2024-06-20 09:38:40,806 [DEBUG] multipart.multipart: Calling on_field_start with no data
2024-06-20 09:38:40,822 [DEBUG] multipart.multipart: Calling on_field_name with data[0:5]
2024-06-20 09:38:40,823 [DEBUG] multipart.multipart: Calling on_field_data with data[6:23]
2024-06-20 09:38:40,823 [DEBUG] multipart.multipart: Calling on_field_end with no data
2024-06-20 09:38:40,824 [DEBUG] multipart.multipart: Calling on_field_start with no data
2024-06-20 09:38:40,825 [DEBUG] multipart.multipart: Calling on_field_name with data[24:32]
2024-06-20 09:38:40,825 [DEBUG] multipart.multipart: Calling on_field_data with data[33:36]
2024-06-20 09:38:40,827 [DEBUG] multipart.multipart: Calling on_field_end with no data
2024-06-20 09:38:40,827 [DEBUG] multipart.multipart: Calling on_end with no data
2024-06-20 09:41:44,349 [DEBUG] multipart.multipart: Calling on_field_start with no data
2024-06-20 09:41:44,350 [DEBUG] multipart.multipart: Calling on_field_name with data[0:3]
2024-06-20 09:41:44,350 [DEBUG] multipart.multipart: Calling on_field_data with data[4:15]
2024-06-20 09:41:44,351 [DEBUG] multipart.multipart: Calling on_field_end with no data
2024-06-20 09:41:44,352 [DEBUG] multipart.multipart: Calling on_field_start with no data
2024-06-20 09:41:44,353 [DEBUG] multipart.multipart: Calling on_field_name with data[16:24]
2024-06-20 09:41:44,353 [DEBUG] multipart.multipart: Calling on_field_data with data[25:31]
2024-06-20 09:41:44,354 [DEBUG] multipart.multipart: Calling on_field_end with no data
2024-06-20 09:41:44,354 [DEBUG] multipart.multipart: Calling on_field_start with no data
2024-06-20 09:41:44,355 [DEBUG] multipart.multipart: Calling on_field_name with data[32:36]
2024-06-20 09:41:44,355 [DEBUG] multipart.multipart: Calling on_field_data with data[37:45]
2024-06-20 09:41:44,356 [DEBUG] multipart.multipart: Calling on_field_end with no data
2024-06-20 09:41:44,356 [DEBUG] multipart.multipart: Calling on_field_start with no data
2024-06-20 09:41:44,356 [DEBUG] multipart.multipart: Calling on_field_name with data[46:51]
2024-06-20 09:41:44,357 [DEBUG] multipart.multipart: Calling on_field_data with data[52:70]
2024-06-20 09:41:44,357 [DEBUG] multipart.multipart: Calling on_field_end with no data
2024-06-20 09:41:44,358 [DEBUG] multipart.multipart: Calling on_field_start with no data
2024-06-20 09:41:44,358 [DEBUG] multipart.multipart: Calling on_field_name with data[71:79]
2024-06-20 09:41:44,358 [DEBUG] multipart.multipart: Calling on_field_data with data[80:91]
2024-06-20 09:41:44,358 [DEBUG] multipart.multipart: Calling on_field_end with no data
2024-06-20 09:41:44,358 [DEBUG] multipart.multipart: Calling on_field_start with no data
2024-06-20 09:41:44,361 [DEBUG] multipart.multipart: Calling on_field_name with data[92:107]
2024-06-20 09:41:44,362 [DEBUG] multipart.multipart: Calling on_field_data with data[108:118]
2024-06-20 09:41:44,363 [DEBUG] multipart.multipart: Calling on_field_end with no data
2024-06-20 09:41:44,363 [DEBUG] multipart.multipart: Calling on_field_start with no data
2024-06-20 09:41:44,364 [DEBUG] multipart.multipart: Calling on_field_name with data[119:127]
2024-06-20 09:41:44,364 [DEBUG] multipart.multipart: Calling on_field_data with data[128:131]
2024-06-20 09:41:44,365 [DEBUG] multipart.multipart: Calling on_field_end with no data
2024-06-20 09:41:44,365 [DEBUG] multipart.multipart: Calling on_end with no data
2024-06-20 09:42:44,421 [DEBUG] multipart.multipart: Calling on_field_start with no data
2024-06-20 09:42:44,422 [DEBUG] multipart.multipart: Calling on_field_name with data[0:3]
2024-06-20 09:42:44,422 [DEBUG] multipart.multipart: Calling on_field_data with data[4:15]
2024-06-20 09:42:44,423 [DEBUG] multipart.multipart: Calling on_field_end with no data
2024-06-20 09:42:44,423 [DEBUG] multipart.multipart: Calling on_field_start with no data
2024-06-20 09:42:44,423 [DEBUG] multipart.multipart: Calling on_field_name with data[16:24]
2024-06-20 09:42:44,424 [DEBUG] multipart.multipart: Calling on_field_data with data[25:31]
2024-06-20 09:42:44,424 [DEBUG] multipart.multipart: Calling on_field_end with no data
2024-06-20 09:42:44,424 [DEBUG] multipart.multipart: Calling on_field_start with no data
2024-06-20 09:42:44,425 [DEBUG] multipart.multipart: Calling on_field_name with data[32:36]
2024-06-20 09:42:44,425 [DEBUG] multipart.multipart: Calling on_field_data with data[37:45]
2024-06-20 09:42:44,425 [DEBUG] multipart.multipart: Calling on_field_end with no data
2024-06-20 09:42:44,426 [DEBUG] multipart.multipart: Calling on_field_start with no data
2024-06-20 09:42:44,426 [DEBUG] multipart.multipart: Calling on_field_name with data[46:51]
2024-06-20 09:42:44,427 [DEBUG] multipart.multipart: Calling on_field_data with data[52:70]
2024-06-20 09:42:44,427 [DEBUG] multipart.multipart: Calling on_field_end with no data
2024-06-20 09:42:44,428 [DEBUG] multipart.multipart: Calling on_field_start with no data
2024-06-20 09:42:44,428 [DEBUG] multipart.multipart: Calling on_field_name with data[71:79]
2024-06-20 09:42:44,428 [DEBUG] multipart.multipart: Calling on_field_data with data[80:91]
2024-06-20 09:42:44,429 [DEBUG] multipart.multipart: Calling on_field_end with no data
2024-06-20 09:42:44,429 [DEBUG] multipart.multipart: Calling on_field_start with no data
2024-06-20 09:42:44,429 [DEBUG] multipart.multipart: Calling on_field_name with data[92:107]
2024-06-20 09:42:44,430 [DEBUG] multipart.multipart: Calling on_field_data with data[108:118]
2024-06-20 09:42:44,430 [DEBUG] multipart.multipart: Calling on_field_end with no data
2024-06-20 09:42:44,430 [DEBUG] multipart.multipart: Calling on_field_start with no data
2024-06-20 09:42:44,431 [DEBUG] multipart.multipart: Calling on_field_name with data[119:127]
2024-06-20 09:42:44,431 [DEBUG] multipart.multipart: Calling on_field_data with data[128:131]
2024-06-20 09:42:44,432 [DEBUG] multipart.multipart: Calling on_field_end with no data
2024-06-20 09:42:44,432 [DEBUG] multipart.multipart: Calling on_end with no data
2024-06-20 09:42:44,478 [DEBUG] passlib.handlers.bcrypt: bcrypt 'builtin' backend not enabled via $PASSLIB_BUILTIN_BCRYPT
2024-06-20 09:45:26,437 [DEBUG] multipart.multipart: Calling on_field_start with no data
2024-06-20 09:45:26,440 [DEBUG] multipart.multipart: Calling on_field_name with data[0:3]
2024-06-20 09:45:26,440 [DEBUG] multipart.multipart: Calling on_field_data with data[4:15]
2024-06-20 09:45:26,441 [DEBUG] multipart.multipart: Calling on_field_end with no data
2024-06-20 09:45:26,441 [DEBUG] multipart.multipart: Calling on_field_start with no data
2024-06-20 09:45:26,441 [DEBUG] multipart.multipart: Calling on_field_name with data[16:24]
2024-06-20 09:45:26,442 [DEBUG] multipart.multipart: Calling on_field_data with data[25:31]
2024-06-20 09:45:26,443 [DEBUG] multipart.multipart: Calling on_field_end with no data
2024-06-20 09:45:26,443 [DEBUG] multipart.multipart: Calling on_field_start with no data
2024-06-20 09:45:26,443 [DEBUG] multipart.multipart: Calling on_field_name with data[32:36]
2024-06-20 09:45:26,444 [DEBUG] multipart.multipart: Calling on_field_data with data[37:45]
2024-06-20 09:45:26,445 [DEBUG] multipart.multipart: Calling on_field_end with no data
2024-06-20 09:45:26,445 [DEBUG] multipart.multipart: Calling on_field_start with no data
2024-06-20 09:45:26,445 [DEBUG] multipart.multipart: Calling on_field_name with data[46:51]
2024-06-20 09:45:26,446 [DEBUG] multipart.multipart: Calling on_field_data with data[52:71]
2024-06-20 09:45:26,446 [DEBUG] multipart.multipart: Calling on_field_end with no data
2024-06-20 09:45:26,446 [DEBUG] multipart.multipart: Calling on_field_start with no data
2024-06-20 09:45:26,447 [DEBUG] multipart.multipart: Calling on_field_name with data[72:80]
2024-06-20 09:45:26,447 [DEBUG] multipart.multipart: Calling on_field_data with data[81:92]
2024-06-20 09:45:26,448 [DEBUG] multipart.multipart: Calling on_field_end with no data
2024-06-20 09:45:26,448 [DEBUG] multipart.multipart: Calling on_field_start with no data
2024-06-20 09:45:26,448 [DEBUG] multipart.multipart: Calling on_field_name with data[93:108]
2024-06-20 09:45:26,449 [DEBUG] multipart.multipart: Calling on_field_data with data[109:119]
2024-06-20 09:45:26,449 [DEBUG] multipart.multipart: Calling on_field_end with no data
2024-06-20 09:45:26,449 [DEBUG] multipart.multipart: Calling on_field_start with no data
2024-06-20 09:45:26,450 [DEBUG] multipart.multipart: Calling on_field_name with data[120:128]
2024-06-20 09:45:26,450 [DEBUG] multipart.multipart: Calling on_field_data with data[129:132]
2024-06-20 09:45:26,451 [DEBUG] multipart.multipart: Calling on_field_end with no data
2024-06-20 09:45:26,451 [DEBUG] multipart.multipart: Calling on_end with no data
2024-06-20 09:45:27,024 [WARNING] passlib.handlers.bcrypt: (trapped) error reading bcrypt version
Traceback (most recent call last):
  File "C:\Users\jaoja.DESKTOP-0EK5KVV\Desktop\Eternize_ProgWeb\virtualenv\Lib\site-packages\passlib\handlers\bcrypt.py", line 620, in _load_backend_mixin
    version = _bcrypt.__about__.__version__
              ^^^^^^^^^^^^^^^^^
AttributeError: module 'bcrypt' has no attribute '__about__'
2024-06-20 09:45:27,034 [DEBUG] passlib.handlers.bcrypt: detected 'bcrypt' backend, version '<unknown>'
2024-06-20 09:45:27,035 [DEBUG] passlib.handlers.bcrypt: 'bcrypt' backend lacks $2$ support, enabling workaround
2024-06-20 09:52:57,253 [DEBUG] multipart.multipart: Calling on_field_start with no data
2024-06-20 09:52:57,255 [DEBUG] multipart.multipart: Calling on_field_name with data[0:5]
2024-06-20 09:52:57,255 [DEBUG] multipart.multipart: Calling on_field_data with data[6:25]
2024-06-20 09:52:57,256 [DEBUG] multipart.multipart: Calling on_field_end with no data
2024-06-20 09:52:57,256 [DEBUG] multipart.multipart: Calling on_field_start with no data
2024-06-20 09:52:57,257 [DEBUG] multipart.multipart: Calling on_field_name with data[26:34]
2024-06-20 09:52:57,258 [DEBUG] multipart.multipart: Calling on_field_data with data[35:38]
2024-06-20 09:52:57,259 [DEBUG] multipart.multipart: Calling on_field_end with no data
2024-06-20 09:52:57,260 [DEBUG] multipart.multipart: Calling on_end with no data
2024-06-20 09:52:57,311 [WARNING] passlib.handlers.bcrypt: (trapped) error reading bcrypt version
Traceback (most recent call last):
  File "C:\Users\jaoja.DESKTOP-0EK5KVV\Desktop\Eternize_ProgWeb\virtualenv\Lib\site-packages\passlib\handlers\bcrypt.py", line 620, in _load_backend_mixin
    version = _bcrypt.__about__.__version__
              ^^^^^^^^^^^^^^^^^
AttributeError: module 'bcrypt' has no attribute '__about__'
2024-06-20 09:52:57,315 [DEBUG] passlib.handlers.bcrypt: detected 'bcrypt' backend, version '<unknown>'
2024-06-20 09:52:57,315 [DEBUG] passlib.handlers.bcrypt: 'bcrypt' backend lacks $2$ support, enabling workaround
2024-06-20 09:53:42,597 [DEBUG] multipart.multipart: Calling on_field_start with no data
2024-06-20 09:53:42,597 [DEBUG] multipart.multipart: Calling on_field_name with data[0:5]
2024-06-20 09:53:42,598 [DEBUG] multipart.multipart: Calling on_field_data with data[6:25]
2024-06-20 09:53:42,598 [DEBUG] multipart.multipart: Calling on_field_end with no data
2024-06-20 09:53:42,599 [DEBUG] multipart.multipart: Calling on_field_start with no data
2024-06-20 09:53:42,599 [DEBUG] multipart.multipart: Calling on_field_name with data[26:34]
2024-06-20 09:53:42,600 [DEBUG] multipart.multipart: Calling on_field_data with data[35:39]
2024-06-20 09:53:42,600 [DEBUG] multipart.multipart: Calling on_field_end with no data
2024-06-20 09:53:42,600 [DEBUG] multipart.multipart: Calling on_end with no data
2024-06-20 10:23:17,042 [DEBUG] multipart.multipart: Calling on_field_start with no data
2024-06-20 10:23:17,065 [DEBUG] multipart.multipart: Calling on_field_name with data[0:5]
2024-06-20 10:23:17,065 [DEBUG] multipart.multipart: Calling on_field_data with data[6:25]
2024-06-20 10:23:17,066 [DEBUG] multipart.multipart: Calling on_field_end with no data
2024-06-20 10:23:17,067 [DEBUG] multipart.multipart: Calling on_field_start with no data
2024-06-20 10:23:17,067 [DEBUG] multipart.multipart: Calling on_field_name with data[26:34]
2024-06-20 10:23:17,067 [DEBUG] multipart.multipart: Calling on_field_data with data[35:44]
2024-06-20 10:23:17,070 [DEBUG] multipart.multipart: Calling on_field_end with no data
2024-06-20 10:23:17,070 [DEBUG] multipart.multipart: Calling on_end with no data
2024-06-20 10:24:42,097 [DEBUG] multipart.multipart: Calling on_field_start with no data
2024-06-20 10:24:42,098 [DEBUG] multipart.multipart: Calling on_field_name with data[0:5]
2024-06-20 10:24:42,098 [DEBUG] multipart.multipart: Calling on_field_data with data[6:25]
2024-06-20 10:24:42,099 [DEBUG] multipart.multipart: Calling on_field_end with no data
2024-06-20 10:24:42,099 [DEBUG] multipart.multipart: Calling on_field_start with no data
2024-06-20 10:24:42,099 [DEBUG] multipart.multipart: Calling on_field_name with data[26:34]
2024-06-20 10:24:42,100 [DEBUG] multipart.multipart: Calling on_field_data with data[35:44]
2024-06-20 10:24:42,100 [DEBUG] multipart.multipart: Calling on_field_end with no data
2024-06-20 10:24:42,100 [DEBUG] multipart.multipart: Calling on_end with no data
2024-06-20 10:27:36,274 [DEBUG] multipart.multipart: Calling on_field_start with no data
2024-06-20 10:27:36,274 [DEBUG] multipart.multipart: Calling on_field_name with data[0:5]
2024-06-20 10:27:36,275 [DEBUG] multipart.multipart: Calling on_field_data with data[6:24]
2024-06-20 10:27:36,275 [DEBUG] multipart.multipart: Calling on_field_end with no data
2024-06-20 10:27:36,275 [DEBUG] multipart.multipart: Calling on_field_start with no data
2024-06-20 10:27:36,275 [DEBUG] multipart.multipart: Calling on_field_name with data[25:33]
2024-06-20 10:27:36,275 [DEBUG] multipart.multipart: Calling on_field_data with data[34:43]
2024-06-20 10:27:36,277 [DEBUG] multipart.multipart: Calling on_field_end with no data
2024-06-20 10:27:36,277 [DEBUG] multipart.multipart: Calling on_end with no data
2024-06-20 10:29:44,678 [DEBUG] multipart.multipart: Calling on_field_start with no data
2024-06-20 10:29:44,678 [DEBUG] multipart.multipart: Calling on_field_name with data[0:5]
2024-06-20 10:29:44,679 [DEBUG] multipart.multipart: Calling on_field_data with data[6:18]
2024-06-20 10:29:44,679 [DEBUG] multipart.multipart: Calling on_field_end with no data
2024-06-20 10:29:44,679 [DEBUG] multipart.multipart: Calling on_field_start with no data
2024-06-20 10:29:44,680 [DEBUG] multipart.multipart: Calling on_field_name with data[19:27]
2024-06-20 10:29:44,680 [DEBUG] multipart.multipart: Calling on_field_data with data[28:37]
2024-06-20 10:29:44,680 [DEBUG] multipart.multipart: Calling on_field_end with no data
2024-06-20 10:29:44,680 [DEBUG] multipart.multipart: Calling on_end with no data
2024-06-20 10:31:50,568 [DEBUG] multipart.multipart: Calling on_field_start with no data
2024-06-20 10:31:50,571 [DEBUG] multipart.multipart: Calling on_field_name with data[0:5]
2024-06-20 10:31:50,572 [DEBUG] multipart.multipart: Calling on_field_data with data[6:25]
2024-06-20 10:31:50,573 [DEBUG] multipart.multipart: Calling on_field_end with no data
2024-06-20 10:31:50,573 [DEBUG] multipart.multipart: Calling on_field_start with no data
2024-06-20 10:31:50,573 [DEBUG] multipart.multipart: Calling on_field_name with data[26:34]
2024-06-20 10:31:50,578 [DEBUG] multipart.multipart: Calling on_field_data with data[35:39]
2024-06-20 10:31:50,580 [DEBUG] multipart.multipart: Calling on_field_end with no data
2024-06-20 10:31:50,581 [DEBUG] multipart.multipart: Calling on_end with no data
2024-06-20 10:31:50,630 [WARNING] passlib.handlers.bcrypt: (trapped) error reading bcrypt version
Traceback (most recent call last):
  File "C:\Users\jaoja.DESKTOP-0EK5KVV\Desktop\Eternize_ProgWeb\virtualenv\Lib\site-packages\passlib\handlers\bcrypt.py", line 620, in _load_backend_mixin
    version = _bcrypt.__about__.__version__
              ^^^^^^^^^^^^^^^^^
AttributeError: module 'bcrypt' has no attribute '__about__'
2024-06-20 10:31:50,641 [DEBUG] passlib.handlers.bcrypt: detected 'bcrypt' backend, version '<unknown>'
2024-06-20 10:31:50,644 [DEBUG] passlib.handlers.bcrypt: 'bcrypt' backend lacks $2$ support, enabling workaround
2024-06-20 12:41:38,221 [DEBUG] multipart.multipart: Calling on_field_start with no data
2024-06-20 12:41:38,287 [DEBUG] multipart.multipart: Calling on_field_name with data[0:3]
2024-06-20 12:41:38,287 [DEBUG] multipart.multipart: Calling on_field_data with data[4:15]
2024-06-20 12:41:38,287 [DEBUG] multipart.multipart: Calling on_field_end with no data
2024-06-20 12:41:38,291 [DEBUG] multipart.multipart: Calling on_field_start with no data
2024-06-20 12:41:38,291 [DEBUG] multipart.multipart: Calling on_field_name with data[16:24]
2024-06-20 12:41:38,291 [DEBUG] multipart.multipart: Calling on_field_data with data[25:31]
2024-06-20 12:41:38,294 [DEBUG] multipart.multipart: Calling on_field_end with no data
2024-06-20 12:41:38,294 [DEBUG] multipart.multipart: Calling on_field_start with no data
2024-06-20 12:41:38,294 [DEBUG] multipart.multipart: Calling on_field_name with data[32:36]
2024-06-20 12:41:38,294 [DEBUG] multipart.multipart: Calling on_field_data with data[37:43]
2024-06-20 12:41:38,294 [DEBUG] multipart.multipart: Calling on_field_end with no data
2024-06-20 12:41:38,294 [DEBUG] multipart.multipart: Calling on_field_start with no data
2024-06-20 12:41:38,294 [DEBUG] multipart.multipart: Calling on_field_name with data[44:49]
2024-06-20 12:41:38,294 [DEBUG] multipart.multipart: Calling on_field_data with data[50:69]
2024-06-20 12:41:38,294 [DEBUG] multipart.multipart: Calling on_field_end with no data
2024-06-20 12:41:38,301 [DEBUG] multipart.multipart: Calling on_field_start with no data
2024-06-20 12:41:38,302 [DEBUG] multipart.multipart: Calling on_field_name with data[70:78]
2024-06-20 12:41:38,302 [DEBUG] multipart.multipart: Calling on_field_data with data[79:90]
2024-06-20 12:41:38,302 [DEBUG] multipart.multipart: Calling on_field_end with no data
2024-06-20 12:41:38,302 [DEBUG] multipart.multipart: Calling on_field_start with no data
2024-06-20 12:41:38,302 [DEBUG] multipart.multipart: Calling on_field_name with data[91:106]
2024-06-20 12:41:38,306 [DEBUG] multipart.multipart: Calling on_field_data with data[107:117]
2024-06-20 12:41:38,306 [DEBUG] multipart.multipart: Calling on_field_end with no data
2024-06-20 12:41:38,306 [DEBUG] multipart.multipart: Calling on_field_start with no data
2024-06-20 12:41:38,306 [DEBUG] multipart.multipart: Calling on_field_name with data[118:126]
2024-06-20 12:41:38,306 [DEBUG] multipart.multipart: Calling on_field_data with data[127:130]
2024-06-20 12:41:38,319 [DEBUG] multipart.multipart: Calling on_field_end with no data
2024-06-20 12:41:38,321 [DEBUG] multipart.multipart: Calling on_end with no data
2024-06-20 12:41:38,618 [WARNING] passlib.handlers.bcrypt: (trapped) error reading bcrypt version
Traceback (most recent call last):
  File "C:\Users\jaoja.DESKTOP-0EK5KVV\Desktop\Eternize_ProgWeb\virtualenv\Lib\site-packages\passlib\handlers\bcrypt.py", line 620, in _load_backend_mixin
    version = _bcrypt.__about__.__version__
              ^^^^^^^^^^^^^^^^^
AttributeError: module 'bcrypt' has no attribute '__about__'
2024-06-20 12:41:38,650 [DEBUG] passlib.handlers.bcrypt: detected 'bcrypt' backend, version '<unknown>'
2024-06-20 12:41:38,651 [DEBUG] passlib.handlers.bcrypt: 'bcrypt' backend lacks $2$ support, enabling workaround
2024-06-20 12:41:58,281 [DEBUG] multipart.multipart: Calling on_field_start with no data
2024-06-20 12:41:58,281 [DEBUG] multipart.multipart: Calling on_field_name with data[0:3]
2024-06-20 12:41:58,281 [DEBUG] multipart.multipart: Calling on_field_data with data[4:15]
2024-06-20 12:41:58,284 [DEBUG] multipart.multipart: Calling on_field_end with no data
2024-06-20 12:41:58,284 [DEBUG] multipart.multipart: Calling on_field_start with no data
2024-06-20 12:41:58,284 [DEBUG] multipart.multipart: Calling on_field_name with data[16:24]
2024-06-20 12:41:58,284 [DEBUG] multipart.multipart: Calling on_field_data with data[25:31]
2024-06-20 12:41:58,284 [DEBUG] multipart.multipart: Calling on_field_end with no data
2024-06-20 12:41:58,286 [DEBUG] multipart.multipart: Calling on_field_start with no data
2024-06-20 12:41:58,286 [DEBUG] multipart.multipart: Calling on_field_name with data[32:36]
2024-06-20 12:41:58,287 [DEBUG] multipart.multipart: Calling on_field_data with data[37:43]
2024-06-20 12:41:58,287 [DEBUG] multipart.multipart: Calling on_field_end with no data
2024-06-20 12:41:58,287 [DEBUG] multipart.multipart: Calling on_field_start with no data
2024-06-20 12:41:58,287 [DEBUG] multipart.multipart: Calling on_field_name with data[44:49]
2024-06-20 12:41:58,287 [DEBUG] multipart.multipart: Calling on_field_data with data[50:69]
2024-06-20 12:41:58,287 [DEBUG] multipart.multipart: Calling on_field_end with no data
2024-06-20 12:41:58,291 [DEBUG] multipart.multipart: Calling on_field_start with no data
2024-06-20 12:41:58,291 [DEBUG] multipart.multipart: Calling on_field_name with data[70:78]
2024-06-20 12:41:58,291 [DEBUG] multipart.multipart: Calling on_field_data with data[79:90]
2024-06-20 12:41:58,292 [DEBUG] multipart.multipart: Calling on_field_end with no data
2024-06-20 12:41:58,293 [DEBUG] multipart.multipart: Calling on_field_start with no data
2024-06-20 12:41:58,293 [DEBUG] multipart.multipart: Calling on_field_name with data[91:106]
2024-06-20 12:41:58,293 [DEBUG] multipart.multipart: Calling on_field_data with data[107:117]
2024-06-20 12:41:58,296 [DEBUG] multipart.multipart: Calling on_field_end with no data
2024-06-20 12:41:58,296 [DEBUG] multipart.multipart: Calling on_field_start with no data
2024-06-20 12:41:58,296 [DEBUG] multipart.multipart: Calling on_field_name with data[118:126]
2024-06-20 12:41:58,296 [DEBUG] multipart.multipart: Calling on_field_data with data[127:130]
2024-06-20 12:41:58,296 [DEBUG] multipart.multipart: Calling on_field_end with no data
2024-06-20 12:41:58,296 [DEBUG] multipart.multipart: Calling on_end with no data
